# JRE version: Java(TM) SE Runtime Environment (8.0_111-b14) (build 1.8.0_111-b14)
# Java VM: Java HotSpot(TM) 64-Bit Server VM (25.111-b14 mixed mode linux-amd64 compressed oops)
Heap:
 PSYoungGen      total 25088K, used 24192K [0x00000000d7100000, 0x00000000d8a80000, 0x0000000100000000)
  eden space 24064K, 100% used [0x00000000d7100000,0x00000000d8880000,0x00000000d8880000)
  from space 1024K, 12% used [0x00000000d8980000,0x00000000d89a0000,0x00000000d8a80000)
  to   space 1024K, 25% used [0x00000000d8880000,0x00000000d88c0000,0x00000000d8980000)
 ParOldGen       total 84992K, used 49948K [0x0000000085200000, 0x00000000c6580000, 0x00000000d7100000)
  object space 84992K, 58% used [0x0000000085200000,0x00000000882c7340,0x000000008a500000)
 Metaspace       used 20336K, capacity 20621K, committed 20864K, reserved 1067008K
  class space    used 2292K, capacity 2378K, committed 2432K, reserved 1048576K
GC Heap History (10 events):
Event: 8527,829 GC heap after
Heap after GC invocations=4358 (full 0):
 PSYoungGen      total 20480K, used 96K [0x00000000d7100000, 0x00000000d8600000, 0x0000000100000000)
  eden space 19456K, 0% used [0x00000000d7100000,0x00000000d7100000,0x00000000d8400000)
  from space 1024K, 9% used [0x00000000d8500000,0x00000000d8518000,0x00000000d8600000)
  to   space 1024K, 0% used [0x00000000d8400000,0x00000000d8400000,0x00000000d8500000)
 ParOldGen       total 84992K, used 48676K [0x0000000085200000, 0x000000008a500000, 0x00000000d7100000)
  object space 84992K, 57% used [0x0000000085200000,0x0000000088189340,0x000000008a500000)
 Metaspace       used 20336K, capacity 20621K, committed 20864K, reserved 1067008K
  class space    used 2292K, capacity 2378K, committed 2432K, reserved 1048576K
}
Event: 8528,828 GC heap before
{Heap before GC invocations=4359 (full 0):
 PSYoungGen      total 20480K, used 19552K [0x00000000d7100000, 0x00000000d8600000, 0x0000000100000000)
  eden space 19456K, 100% used [0x00000000d7100000,0x00000000d8400000,0x00000000d8400000)
  from space 1024K, 9% used [0x00000000d8500000,0x00000000d8518000,0x00000000d8600000)
  to   space 1024K, 0% used [0x00000000d8400000,0x00000000d8400000,0x00000000d8500000)
 ParOldGen       total 84992K, used 48676K [0x0000000085200000, 0x000000008a500000, 0x00000000d7100000)
  object space 84992K, 57% used [0x0000000085200000,0x0000000088189340,0x000000008a500000)
 Metaspace       used 20336K, capacity 20621K, committed 20864K, reserved 1067008K
  class space    used 2292K, capacity 2378K, committed 2432K, reserved 1048576K
Event: 8528,830 GC heap after
Heap after GC invocations=4359 (full 0):
 PSYoungGen      total 20480K, used 128K [0x00000000d7100000, 0x00000000d8600000, 0x0000000100000000)
  eden space 19456K, 0% used [0x00000000d7100000,0x00000000d7100000,0x00000000d8400000)
  from space 1024K, 12% used [0x00000000d8400000,0x00000000d8420000,0x00000000d8500000)
  to   space 1024K, 0% used [0x00000000d8500000,0x00000000d8500000,0x00000000d8600000)
 ParOldGen       total 84992K, used 48684K [0x0000000085200000, 0x000000008a500000, 0x00000000d7100000)
  object space 84992K, 57% used [0x0000000085200000,0x000000008818b340,0x000000008a500000)
 Metaspace       used 20336K, capacity 20621K, committed 20864K, reserved 1067008K
  class space    used 2292K, capacity 2378K, committed 2432K, reserved 1048576K
}
Event: 8529,822 GC heap before
{Heap before GC invocations=4360 (full 0):
 PSYoungGen      total 20480K, used 19584K [0x00000000d7100000, 0x00000000d8600000, 0x0000000100000000)
  eden space 19456K, 100% used [0x00000000d7100000,0x00000000d8400000,0x00000000d8400000)
  from space 1024K, 12% used [0x00000000d8400000,0x00000000d8420000,0x00000000d8500000)
  to   space 1024K, 0% used [0x00000000d8500000,0x00000000d8500000,0x00000000d8600000)
 ParOldGen       total 84992K, used 48684K [0x0000000085200000, 0x000000008a500000, 0x00000000d7100000)
  object space 84992K, 57% used [0x0000000085200000,0x000000008818b340,0x000000008a500000)
 Metaspace       used 20336K, capacity 20621K, committed 20864K, reserved 1067008K
  class space    used 2292K, capacity 2378K, committed 2432K, reserved 1048576K
Event: 8529,823 GC heap after
Heap after GC invocations=4360 (full 0):
 PSYoungGen      total 19968K, used 96K [0x00000000d7100000, 0x00000000d8580000, 0x0000000100000000)
  eden space 19456K, 0% used [0x00000000d7100000,0x00000000d7100000,0x00000000d8400000)
  from space 512K, 18% used [0x00000000d8500000,0x00000000d8518000,0x00000000d8580000)
  to   space 512K, 0% used [0x00000000d8480000,0x00000000d8480000,0x00000000d8500000)
 ParOldGen       total 84992K, used 48692K [0x0000000085200000, 0x000000008a500000, 0x00000000d7100000)
  object space 84992K, 57% used [0x0000000085200000,0x000000008818d340,0x000000008a500000)
 Metaspace       used 20336K, capacity 20621K, committed 20864K, reserved 1067008K
  class space    used 2292K, capacity 2378K, committed 2432K, reserved 1048576K
}
Event: 8529,847 GC heap before
{Heap before GC invocations=4361 (full 0):
 PSYoungGen      total 19968K, used 19552K [0x00000000d7100000, 0x00000000d8580000, 0x0000000100000000)
  eden space 19456K, 100% used [0x00000000d7100000,0x00000000d8400000,0x00000000d8400000)
  from space 512K, 18% used [0x00000000d8500000,0x00000000d8518000,0x00000000d8580000)
  to   space 512K, 0% used [0x00000000d8480000,0x00000000d8480000,0x00000000d8500000)
 ParOldGen       total 84992K, used 48692K [0x0000000085200000, 0x000000008a500000, 0x00000000d7100000)
  object space 84992K, 57% used [0x0000000085200000,0x000000008818d340,0x000000008a500000)
 Metaspace       used 20336K, capacity 20621K, committed 20864K, reserved 1067008K
  class space    used 2292K, capacity 2378K, committed 2432K, reserved 1048576K
Event: 8529,850 GC heap after
Heap after GC invocations=4361 (full 0):
 PSYoungGen      total 20480K, used 512K [0x00000000d7100000, 0x00000000d8b00000, 0x0000000100000000)
  eden space 19968K, 0% used [0x00000000d7100000,0x00000000d7100000,0x00000000d8480000)
  from space 512K, 100% used [0x00000000d8480000,0x00000000d8500000,0x00000000d8500000)
  to   space 1536K, 0% used [0x00000000d8980000,0x00000000d8980000,0x00000000d8b00000)
 ParOldGen       total 84992K, used 49932K [0x0000000085200000, 0x000000008a500000, 0x00000000d7100000)
  object space 84992K, 58% used [0x0000000085200000,0x00000000882c3340,0x000000008a500000)
 Metaspace       used 20336K, capacity 20621K, committed 20864K, reserved 1067008K
  class space    used 2292K, capacity 2378K, committed 2432K, reserved 1048576K
}
Event: 8531,828 GC heap before
{Heap before GC invocations=4362 (full 0):
 PSYoungGen      total 20480K, used 20480K [0x00000000d7100000, 0x00000000d8b00000, 0x0000000100000000)
  eden space 19968K, 100% used [0x00000000d7100000,0x00000000d8480000,0x00000000d8480000)
  from space 512K, 100% used [0x00000000d8480000,0x00000000d8500000,0x00000000d8500000)
  to   space 1536K, 0% used [0x00000000d8980000,0x00000000d8980000,0x00000000d8b00000)
 ParOldGen       total 84992K, used 49932K [0x0000000085200000, 0x000000008a500000, 0x00000000d7100000)
  object space 84992K, 58% used [0x0000000085200000,0x00000000882c3340,0x000000008a500000)
 Metaspace       used 20336K, capacity 20621K, committed 20864K, reserved 1067008K
  class space    used 2292K, capacity 2378K, committed 2432K, reserved 1048576K
Event: 8531,830 GC heap after
Heap after GC invocations=4362 (full 0):
 PSYoungGen      total 25088K, used 128K [0x00000000d7100000, 0x00000000d8a80000, 0x0000000100000000)
  eden space 24064K, 0% used [0x00000000d7100000,0x00000000d7100000,0x00000000d8880000)
  from space 1024K, 12% used [0x00000000d8980000,0x00000000d89a0000,0x00000000d8a80000)
  to   space 1024K, 0% used [0x00000000d8880000,0x00000000d8880000,0x00000000d8980000)
 ParOldGen       total 84992K, used 49940K [0x0000000085200000, 0x000000008a500000, 0x00000000d7100000)
  object space 84992K, 58% used [0x0000000085200000,0x00000000882c5340,0x000000008a500000)
 Metaspace       used 20336K, capacity 20621K, committed 20864K, reserved 1067008K
  class space    used 2292K, capacity 2378K, committed 2432K, reserved 1048576K
}
Event: 8532,835 GC heap before
{Heap before GC invocations=4363 (full 0):
 PSYoungGen      total 25088K, used 24192K [0x00000000d7100000, 0x00000000d8a80000, 0x0000000100000000)
  eden space 24064K, 100% used [0x00000000d7100000,0x00000000d8880000,0x00000000d8880000)
  from space 1024K, 12% used [0x00000000d8980000,0x00000000d89a0000,0x00000000d8a80000)
  to   space 1024K, 0% used [0x00000000d8880000,0x00000000d8880000,0x00000000d8980000)
 ParOldGen       total 84992K, used 49940K [0x0000000085200000, 0x000000008a500000, 0x00000000d7100000)
  object space 84992K, 58% used [0x0000000085200000,0x00000000882c5340,0x000000008a500000)
 Metaspace       used 20336K, capacity 20621K, committed 20864K, reserved 1067008K
  class space    used 2292K, capacity 2378K, committed 2432K, reserved 1048576K

