# JRE version: Java(TM) SE Runtime Environment (8.0_111-b14) (build 1.8.0_111-b14)
# Java VM: Java HotSpot(TM) 64-Bit Server VM (25.111-b14 mixed mode linux-amd64 compressed oops)
Heap:
 PSYoungGen      total 23040K, used 21920K [0x00000000d7000000, 0x00000000d8880000, 0x0000000100000000)
  eden space 20992K, 100% used [0x00000000d7000000,0x00000000d8480000,0x00000000d8480000)
  from space 2048K, 45% used [0x00000000d8480000,0x00000000d8568000,0x00000000d8680000)
  to   space 2048K, 51% used [0x00000000d8680000,0x00000000d8788000,0x00000000d8880000)
 ParOldGen       total 84992K, used 42829K [0x0000000085000000, 0x000000008a300000, 0x00000000d7000000)
  object space 84992K, 50% used [0x0000000085000000,0x00000000879d3680,0x000000008a300000)
 Metaspace       used 18175K, capacity 18400K, committed 18560K, reserved 1064960K
  class space    used 2058K, capacity 2122K, committed 2176K, reserved 1048576K
GC Heap History (10 events):
Event: 8124,436 GC heap after
Heap after GC invocations=3915 (full 0):
 PSYoungGen      total 23552K, used 96K [0x00000000d7000000, 0x00000000d8980000, 0x0000000100000000)
  eden space 20992K, 0% used [0x00000000d7000000,0x00000000d7000000,0x00000000d8480000)
  from space 2560K, 3% used [0x00000000d8480000,0x00000000d8498000,0x00000000d8700000)
  to   space 2560K, 0% used [0x00000000d8700000,0x00000000d8700000,0x00000000d8980000)
 ParOldGen       total 84992K, used 42733K [0x0000000085000000, 0x000000008a300000, 0x00000000d7000000)
  object space 84992K, 50% used [0x0000000085000000,0x00000000879bb680,0x000000008a300000)
 Metaspace       used 18175K, capacity 18400K, committed 18560K, reserved 1064960K
  class space    used 2058K, capacity 2122K, committed 2176K, reserved 1048576K
}
Event: 8125,438 GC heap before
{Heap before GC invocations=3916 (full 0):
 PSYoungGen      total 23552K, used 21088K [0x00000000d7000000, 0x00000000d8980000, 0x0000000100000000)
  eden space 20992K, 100% used [0x00000000d7000000,0x00000000d8480000,0x00000000d8480000)
  from space 2560K, 3% used [0x00000000d8480000,0x00000000d8498000,0x00000000d8700000)
  to   space 2560K, 0% used [0x00000000d8700000,0x00000000d8700000,0x00000000d8980000)
 ParOldGen       total 84992K, used 42733K [0x0000000085000000, 0x000000008a300000, 0x00000000d7000000)
  object space 84992K, 50% used [0x0000000085000000,0x00000000879bb680,0x000000008a300000)
 Metaspace       used 18175K, capacity 18400K, committed 18560K, reserved 1064960K
  class space    used 2058K, capacity 2122K, committed 2176K, reserved 1048576K
Event: 8125,440 GC heap after
Heap after GC invocations=3916 (full 0):
 PSYoungGen      total 23552K, used 288K [0x00000000d7000000, 0x00000000d8980000, 0x0000000100000000)
  eden space 20992K, 0% used [0x00000000d7000000,0x00000000d7000000,0x00000000d8480000)
  from space 2560K, 11% used [0x00000000d8700000,0x00000000d8748000,0x00000000d8980000)
  to   space 2560K, 0% used [0x00000000d8480000,0x00000000d8480000,0x00000000d8700000)
 ParOldGen       total 84992K, used 42741K [0x0000000085000000, 0x000000008a300000, 0x00000000d7000000)
  object space 84992K, 50% used [0x0000000085000000,0x00000000879bd680,0x000000008a300000)
 Metaspace       used 18175K, capacity 18400K, committed 18560K, reserved 1064960K
  class space    used 2058K, capacity 2122K, committed 2176K, reserved 1048576K
}
Event: 8126,441 GC heap before
{Heap before GC invocations=3917 (full 0):
 PSYoungGen      total 23552K, used 21280K [0x00000000d7000000, 0x00000000d8980000, 0x0000000100000000)
  eden space 20992K, 100% used [0x00000000d7000000,0x00000000d8480000,0x00000000d8480000)
  from space 2560K, 11% used [0x00000000d8700000,0x00000000d8748000,0x00000000d8980000)
  to   space 2560K, 0% used [0x00000000d8480000,0x00000000d8480000,0x00000000d8700000)
 ParOldGen       total 84992K, used 42741K [0x0000000085000000, 0x000000008a300000, 0x00000000d7000000)
  object space 84992K, 50% used [0x0000000085000000,0x00000000879bd680,0x000000008a300000)
 Metaspace       used 18175K, capacity 18400K, committed 18560K, reserved 1064960K
  class space    used 2058K, capacity 2122K, committed 2176K, reserved 1048576K
Event: 8126,443 GC heap after
Heap after GC invocations=3917 (full 0):
 PSYoungGen      total 21504K, used 512K [0x00000000d7000000, 0x00000000d8880000, 0x0000000100000000)
  eden space 20992K, 0% used [0x00000000d7000000,0x00000000d7000000,0x00000000d8480000)
  from space 512K, 100% used [0x00000000d8480000,0x00000000d8500000,0x00000000d8500000)
  to   space 2048K, 0% used [0x00000000d8680000,0x00000000d8680000,0x00000000d8880000)
 ParOldGen       total 84992K, used 42749K [0x0000000085000000, 0x000000008a300000, 0x00000000d7000000)
  object space 84992K, 50% used [0x0000000085000000,0x00000000879bf680,0x000000008a300000)
 Metaspace       used 18175K, capacity 18400K, committed 18560K, reserved 1064960K
  class space    used 2058K, capacity 2122K, committed 2176K, reserved 1048576K
}
Event: 8127,443 GC heap before
{Heap before GC invocations=3918 (full 0):
 PSYoungGen      total 21504K, used 21504K [0x00000000d7000000, 0x00000000d8880000, 0x0000000100000000)
  eden space 20992K, 100% used [0x00000000d7000000,0x00000000d8480000,0x00000000d8480000)
  from space 512K, 100% used [0x00000000d8480000,0x00000000d8500000,0x00000000d8500000)
  to   space 2048K, 0% used [0x00000000d8680000,0x00000000d8680000,0x00000000d8880000)
 ParOldGen       total 84992K, used 42749K [0x0000000085000000, 0x000000008a300000, 0x00000000d7000000)
  object space 84992K, 50% used [0x0000000085000000,0x00000000879bf680,0x000000008a300000)
 Metaspace       used 18175K, capacity 18400K, committed 18560K, reserved 1064960K
  class space    used 2058K, capacity 2122K, committed 2176K, reserved 1048576K
Event: 8127,445 GC heap after
Heap after GC invocations=3918 (full 0):
 PSYoungGen      total 23040K, used 672K [0x00000000d7000000, 0x00000000d8880000, 0x0000000100000000)
  eden space 20992K, 0% used [0x00000000d7000000,0x00000000d7000000,0x00000000d8480000)
  from space 2048K, 32% used [0x00000000d8680000,0x00000000d8728000,0x00000000d8880000)
  to   space 2048K, 0% used [0x00000000d8480000,0x00000000d8480000,0x00000000d8680000)
 ParOldGen       total 84992K, used 42757K [0x0000000085000000, 0x000000008a300000, 0x00000000d7000000)
  object space 84992K, 50% used [0x0000000085000000,0x00000000879c1680,0x000000008a300000)
 Metaspace       used 18175K, capacity 18400K, committed 18560K, reserved 1064960K
  class space    used 2058K, capacity 2122K, committed 2176K, reserved 1048576K
}
Event: 8128,446 GC heap before
{Heap before GC invocations=3919 (full 0):
 PSYoungGen      total 23040K, used 21664K [0x00000000d7000000, 0x00000000d8880000, 0x0000000100000000)
  eden space 20992K, 100% used [0x00000000d7000000,0x00000000d8480000,0x00000000d8480000)
  from space 2048K, 32% used [0x00000000d8680000,0x00000000d8728000,0x00000000d8880000)
  to   space 2048K, 0% used [0x00000000d8480000,0x00000000d8480000,0x00000000d8680000)
 ParOldGen       total 84992K, used 42757K [0x0000000085000000, 0x000000008a300000, 0x00000000d7000000)
  object space 84992K, 50% used [0x0000000085000000,0x00000000879c1680,0x000000008a300000)
 Metaspace       used 18175K, capacity 18400K, committed 18560K, reserved 1064960K
  class space    used 2058K, capacity 2122K, committed 2176K, reserved 1048576K
Event: 8128,448 GC heap after
Heap after GC invocations=3919 (full 0):
 PSYoungGen      total 23040K, used 928K [0x00000000d7000000, 0x00000000d8880000, 0x0000000100000000)
  eden space 20992K, 0% used [0x00000000d7000000,0x00000000d7000000,0x00000000d8480000)
  from space 2048K, 45% used [0x00000000d8480000,0x00000000d8568000,0x00000000d8680000)
  to   space 2048K, 0% used [0x00000000d8680000,0x00000000d8680000,0x00000000d8880000)
 ParOldGen       total 84992K, used 42789K [0x0000000085000000, 0x000000008a300000, 0x00000000d7000000)
  object space 84992K, 50% used [0x0000000085000000,0x00000000879c9680,0x000000008a300000)
 Metaspace       used 18175K, capacity 18400K, committed 18560K, reserved 1064960K
  class space    used 2058K, capacity 2122K, committed 2176K, reserved 1048576K
}
Event: 8129,448 GC heap before
{Heap before GC invocations=3920 (full 0):
 PSYoungGen      total 23040K, used 21920K [0x00000000d7000000, 0x00000000d8880000, 0x0000000100000000)
  eden space 20992K, 100% used [0x00000000d7000000,0x00000000d8480000,0x00000000d8480000)
  from space 2048K, 45% used [0x00000000d8480000,0x00000000d8568000,0x00000000d8680000)
  to   space 2048K, 0% used [0x00000000d8680000,0x00000000d8680000,0x00000000d8880000)
 ParOldGen       total 84992K, used 42789K [0x0000000085000000, 0x000000008a300000, 0x00000000d7000000)
  object space 84992K, 50% used [0x0000000085000000,0x00000000879c9680,0x000000008a300000)
 Metaspace       used 18175K, capacity 18400K, committed 18560K, reserved 1064960K
  class space    used 2058K, capacity 2122K, committed 2176K, reserved 1048576K

