# JRE version: Java(TM) SE Runtime Environment (8.0_111-b14) (build 1.8.0_111-b14)
# Java VM: Java HotSpot(TM) 64-Bit Server VM (25.111-b14 mixed mode linux-amd64 compressed oops)
Heap:
 PSYoungGen      total 117760K, used 109824K [0x00000000d7000000, 0x00000000ded80000, 0x0000000100000000)
  eden space 108544K, 100% used [0x00000000d7000000,0x00000000dda00000,0x00000000dda00000)
  from space 9216K, 13% used [0x00000000de380000,0x00000000de4c0000,0x00000000dec80000)
  to   space 9728K, 42% used [0x00000000dda00000,0x00000000dde10000,0x00000000de380000)
 ParOldGen       total 1343488K, used 31193K [0x0000000085000000, 0x00000000d7000000, 0x00000000d7000000)
  object space 1343488K, 2% used [0x0000000085000000,0x0000000086e767e8,0x00000000d7000000)
 Metaspace       used 17966K, capacity 18190K, committed 18560K, reserved 1064960K
  class space    used 2034K, capacity 2115K, committed 2176K, reserved 1048576K
GC Heap History (10 events):
Event: 33105,431 GC heap after
Heap after GC invocations=28060 (full 20):
 PSYoungGen      total 83456K, used 5920K [0x00000000d7000000, 0x00000000dcd80000, 0x0000000100000000)
  eden space 75264K, 0% used [0x00000000d7000000,0x00000000d7000000,0x00000000db980000)
  from space 8192K, 72% used [0x00000000dc180000,0x00000000dc748000,0x00000000dc980000)
  to   space 8192K, 0% used [0x00000000db980000,0x00000000db980000,0x00000000dc180000)
 ParOldGen       total 52736K, used 31153K [0x0000000085000000, 0x0000000088380000, 0x00000000d7000000)
  object space 52736K, 59% used [0x0000000085000000,0x0000000086e6c7e8,0x0000000088380000)
 Metaspace       used 17966K, capacity 18190K, committed 18560K, reserved 1064960K
  class space    used 2034K, capacity 2115K, committed 2176K, reserved 1048576K
}
Event: 33106,429 GC heap before
{Heap before GC invocations=28061 (full 20):
 PSYoungGen      total 83456K, used 81184K [0x00000000d7000000, 0x00000000dcd80000, 0x0000000100000000)
  eden space 75264K, 100% used [0x00000000d7000000,0x00000000db980000,0x00000000db980000)
  from space 8192K, 72% used [0x00000000dc180000,0x00000000dc748000,0x00000000dc980000)
  to   space 8192K, 0% used [0x00000000db980000,0x00000000db980000,0x00000000dc180000)
 ParOldGen       total 52736K, used 31153K [0x0000000085000000, 0x0000000088380000, 0x00000000d7000000)
  object space 52736K, 59% used [0x0000000085000000,0x0000000086e6c7e8,0x0000000088380000)
 Metaspace       used 17966K, capacity 18190K, committed 18560K, reserved 1064960K
  class space    used 2034K, capacity 2115K, committed 2176K, reserved 1048576K
Event: 33106,435 GC heap after
Heap after GC invocations=28061 (full 20):
 PSYoungGen      total 83456K, used 5824K [0x00000000d7000000, 0x00000000dd980000, 0x0000000100000000)
  eden space 75264K, 0% used [0x00000000d7000000,0x00000000d7000000,0x00000000db980000)
  from space 8192K, 71% used [0x00000000db980000,0x00000000dbf30000,0x00000000dc180000)
  to   space 8704K, 0% used [0x00000000dd100000,0x00000000dd100000,0x00000000dd980000)
 ParOldGen       total 52736K, used 31161K [0x0000000085000000, 0x0000000088380000, 0x00000000d7000000)
  object space 52736K, 59% used [0x0000000085000000,0x0000000086e6e7e8,0x0000000088380000)
 Metaspace       used 17966K, capacity 18190K, committed 18560K, reserved 1064960K
  class space    used 2034K, capacity 2115K, committed 2176K, reserved 1048576K
}
Event: 33107,417 GC heap before
{Heap before GC invocations=28062 (full 20):
 PSYoungGen      total 83456K, used 81088K [0x00000000d7000000, 0x00000000dd980000, 0x0000000100000000)
  eden space 75264K, 100% used [0x00000000d7000000,0x00000000db980000,0x00000000db980000)
  from space 8192K, 71% used [0x00000000db980000,0x00000000dbf30000,0x00000000dc180000)
  to   space 8704K, 0% used [0x00000000dd100000,0x00000000dd100000,0x00000000dd980000)
 ParOldGen       total 52736K, used 31161K [0x0000000085000000, 0x0000000088380000, 0x00000000d7000000)
  object space 52736K, 59% used [0x0000000085000000,0x0000000086e6e7e8,0x0000000088380000)
 Metaspace       used 17966K, capacity 18190K, committed 18560K, reserved 1064960K
  class space    used 2034K, capacity 2115K, committed 2176K, reserved 1048576K
Event: 33107,424 GC heap after
Heap after GC invocations=28062 (full 20):
 PSYoungGen      total 99328K, used 5696K [0x00000000d7000000, 0x00000000dd980000, 0x0000000100000000)
  eden space 90624K, 0% used [0x00000000d7000000,0x00000000d7000000,0x00000000dc880000)
  from space 8704K, 65% used [0x00000000dd100000,0x00000000dd690000,0x00000000dd980000)
  to   space 8704K, 0% used [0x00000000dc880000,0x00000000dc880000,0x00000000dd100000)
 ParOldGen       total 52736K, used 31169K [0x0000000085000000, 0x0000000088380000, 0x00000000d7000000)
  object space 52736K, 59% used [0x0000000085000000,0x0000000086e707e8,0x0000000088380000)
 Metaspace       used 17966K, capacity 18190K, committed 18560K, reserved 1064960K
  class space    used 2034K, capacity 2115K, committed 2176K, reserved 1048576K
}
Event: 33108,440 GC heap before
{Heap before GC invocations=28063 (full 20):
 PSYoungGen      total 99328K, used 96320K [0x00000000d7000000, 0x00000000dd980000, 0x0000000100000000)
  eden space 90624K, 100% used [0x00000000d7000000,0x00000000dc880000,0x00000000dc880000)
  from space 8704K, 65% used [0x00000000dd100000,0x00000000dd690000,0x00000000dd980000)
  to   space 8704K, 0% used [0x00000000dc880000,0x00000000dc880000,0x00000000dd100000)
 ParOldGen       total 52736K, used 31169K [0x0000000085000000, 0x0000000088380000, 0x00000000d7000000)
  object space 52736K, 59% used [0x0000000085000000,0x0000000086e707e8,0x0000000088380000)
 Metaspace       used 17966K, capacity 18190K, committed 18560K, reserved 1064960K
  class space    used 2034K, capacity 2115K, committed 2176K, reserved 1048576K
Event: 33108,448 GC heap after
Heap after GC invocations=28063 (full 20):
 PSYoungGen      total 99328K, used 6976K [0x00000000d7000000, 0x00000000dec80000, 0x0000000100000000)
  eden space 90624K, 0% used [0x00000000d7000000,0x00000000d7000000,0x00000000dc880000)
  from space 8704K, 80% used [0x00000000dc880000,0x00000000dcf50000,0x00000000dd100000)
  to   space 9216K, 0% used [0x00000000de380000,0x00000000de380000,0x00000000dec80000)
 ParOldGen       total 52736K, used 31177K [0x0000000085000000, 0x0000000088380000, 0x00000000d7000000)
  object space 52736K, 59% used [0x0000000085000000,0x0000000086e727e8,0x0000000088380000)
 Metaspace       used 17966K, capacity 18190K, committed 18560K, reserved 1064960K
  class space    used 2034K, capacity 2115K, committed 2176K, reserved 1048576K
}
Event: 33110,386 GC heap before
{Heap before GC invocations=28064 (full 20):
 PSYoungGen      total 99328K, used 97600K [0x00000000d7000000, 0x00000000dec80000, 0x0000000100000000)
  eden space 90624K, 100% used [0x00000000d7000000,0x00000000dc880000,0x00000000dc880000)
  from space 8704K, 80% used [0x00000000dc880000,0x00000000dcf50000,0x00000000dd100000)
  to   space 9216K, 0% used [0x00000000de380000,0x00000000de380000,0x00000000dec80000)
 ParOldGen       total 52736K, used 31177K [0x0000000085000000, 0x0000000088380000, 0x00000000d7000000)
  object space 52736K, 59% used [0x0000000085000000,0x0000000086e727e8,0x0000000088380000)
 Metaspace       used 17966K, capacity 18190K, committed 18560K, reserved 1064960K
  class space    used 2034K, capacity 2115K, committed 2176K, reserved 1048576K
Event: 33110,389 GC heap after
Heap after GC invocations=28064 (full 20):
 PSYoungGen      total 117760K, used 1280K [0x00000000d7000000, 0x00000000ded80000, 0x0000000100000000)
  eden space 108544K, 0% used [0x00000000d7000000,0x00000000d7000000,0x00000000dda00000)
  from space 9216K, 13% used [0x00000000de380000,0x00000000de4c0000,0x00000000dec80000)
  to   space 9728K, 0% used [0x00000000dda00000,0x00000000dda00000,0x00000000de380000)
 ParOldGen       total 52736K, used 31185K [0x0000000085000000, 0x0000000088380000, 0x00000000d7000000)
  object space 52736K, 59% used [0x0000000085000000,0x0000000086e747e8,0x0000000088380000)
 Metaspace       used 17966K, capacity 18190K, committed 18560K, reserved 1064960K
  class space    used 2034K, capacity 2115K, committed 2176K, reserved 1048576K
}
Event: 33111,407 GC heap before
{Heap before GC invocations=28065 (full 20):
 PSYoungGen      total 117760K, used 109824K [0x00000000d7000000, 0x00000000ded80000, 0x0000000100000000)
  eden space 108544K, 100% used [0x00000000d7000000,0x00000000dda00000,0x00000000dda00000)
  from space 9216K, 13% used [0x00000000de380000,0x00000000de4c0000,0x00000000dec80000)
  to   space 9728K, 0% used [0x00000000dda00000,0x00000000dda00000,0x00000000de380000)
 ParOldGen       total 52736K, used 31185K [0x0000000085000000, 0x0000000088380000, 0x00000000d7000000)
  object space 52736K, 59% used [0x0000000085000000,0x0000000086e747e8,0x0000000088380000)
 Metaspace       used 17966K, capacity 18190K, committed 18560K, reserved 1064960K
  class space    used 2034K, capacity 2115K, committed 2176K, reserved 1048576K

